生成启动时间为 2015/8/1 18:15:09。
     1>项目“E:\Programming\C\C-Primer-Plus\Chapter 17\Binary Search Tree\Binary Search Tree\Binary Search Tree.vcxproj”在节点 2 上(Build 个目标)。
     1>ClCompile:
         F:\Visual Studio 2013\VC\bin\CL.exe /c /ZI /nologo /W3 /WX- /Od /Oy- /D WIN32 /D _DEBUG /D _CONSOLE /D _LIB /D _UNICODE /D UNICODE /Gm /EHsc /RTC1 /MDd /GS /fp:precise /Zc:wchar_t /Zc:forScope /Fo"Debug\\" /Fd"Debug\vc120.pdb" /Gd /TC /analyze- /errorReport:prompt perclub.c
         perclub.c
     1>e:\programming\c\c-primer-plus\chapter 17\binary search tree\binary search tree\perclub.c(80): warning C4996: 'gets': This function or variable may be unsafe. Consider using gets_s instead. To disable deprecation, use _CRT_SECURE_NO_WARNINGS. See online help for details.
                 f:\visual studio 2013\vc\include\stdio.h(254) : 参见“gets”的声明
     1>e:\programming\c\c-primer-plus\chapter 17\binary search tree\binary search tree\perclub.c(82): warning C4996: 'gets': This function or variable may be unsafe. Consider using gets_s instead. To disable deprecation, use _CRT_SECURE_NO_WARNINGS. See online help for details.
                 f:\visual studio 2013\vc\include\stdio.h(254) : 参见“gets”的声明
     1>e:\programming\c\c-primer-plus\chapter 17\binary search tree\binary search tree\perclub.c(113): warning C4996: 'gets': This function or variable may be unsafe. Consider using gets_s instead. To disable deprecation, use _CRT_SECURE_NO_WARNINGS. See online help for details.
                 f:\visual studio 2013\vc\include\stdio.h(254) : 参见“gets”的声明
     1>e:\programming\c\c-primer-plus\chapter 17\binary search tree\binary search tree\perclub.c(115): warning C4996: 'gets': This function or variable may be unsafe. Consider using gets_s instead. To disable deprecation, use _CRT_SECURE_NO_WARNINGS. See online help for details.
                 f:\visual studio 2013\vc\include\stdio.h(254) : 参见“gets”的声明
     1>e:\programming\c\c-primer-plus\chapter 17\binary search tree\binary search tree\perclub.c(119): warning C4090: “函数”: 不同的“const”限定符
     1>e:\programming\c\c-primer-plus\chapter 17\binary search tree\binary search tree\perclub.c(136): warning C4996: 'gets': This function or variable may be unsafe. Consider using gets_s instead. To disable deprecation, use _CRT_SECURE_NO_WARNINGS. See online help for details.
                 f:\visual studio 2013\vc\include\stdio.h(254) : 参见“gets”的声明
     1>e:\programming\c\c-primer-plus\chapter 17\binary search tree\binary search tree\perclub.c(138): warning C4996: 'gets': This function or variable may be unsafe. Consider using gets_s instead. To disable deprecation, use _CRT_SECURE_NO_WARNINGS. See online help for details.
                 f:\visual studio 2013\vc\include\stdio.h(254) : 参见“gets”的声明
       Link:
         F:\Visual Studio 2013\VC\bin\link.exe /ERRORREPORT:PROMPT /OUT:"E:\Programming\C\C-Primer-Plus\Chapter 17\Binary Search Tree\Debug\Binary Search Tree.exe" /INCREMENTAL /NOLOGO kernel32.lib user32.lib gdi32.lib winspool.lib comdlg32.lib advapi32.lib shell32.lib ole32.lib oleaut32.lib uuid.lib odbc32.lib odbccp32.lib /MANIFEST /MANIFESTUAC:"level='asInvoker' uiAccess='false'" /manifest:embed /DEBUG /PDB:"E:\Programming\C\C-Primer-Plus\Chapter 17\Binary Search Tree\Debug\Binary Search Tree.pdb" /SUBSYSTEM:CONSOLE /TLBID:1 /DYNAMICBASE /NXCOMPAT /IMPLIB:"E:\Programming\C\C-Primer-Plus\Chapter 17\Binary Search Tree\Debug\Binary Search Tree.lib" /MACHINE:X86 Debug\perclub.obj
         Debug\tree.obj
         Binary Search Tree.vcxproj -> E:\Programming\C\C-Primer-Plus\Chapter 17\Binary Search Tree\Debug\Binary Search Tree.exe
     1>已完成生成项目“E:\Programming\C\C-Primer-Plus\Chapter 17\Binary Search Tree\Binary Search Tree\Binary Search Tree.vcxproj”(Build 个目标)的操作。

生成成功。

已用时间 00:00:00.73
