生成启动时间为 2015/8/2 12:31:23。
     1>项目“E:\Programming\C\C-Primer-Plus\Chapter 17\Exercise\8\Binary Search Tree\Binary Search Tree.vcxproj”在节点 2 上(Build 个目标)。
     1>ClCompile:
         F:\Visual Studio 2013\VC\bin\CL.exe /c /ZI /nologo /W3 /WX- /Od /Oy- /D WIN32 /D _DEBUG /D _CONSOLE /D _LIB /D _UNICODE /D UNICODE /Gm /EHsc /RTC1 /MDd /GS /fp:precise /Zc:wchar_t /Zc:forScope /Fo"Debug\\" /Fd"Debug\vc120.pdb" /Gd /TC /analyze- /errorReport:prompt petclub.c
         petclub.c
     1>e:\programming\c\c-primer-plus\chapter 17\exercise\8\binary search tree\petclub.c(80): warning C4996: 'gets': This function or variable may be unsafe. Consider using gets_s instead. To disable deprecation, use _CRT_SECURE_NO_WARNINGS. See online help for details.
                 f:\visual studio 2013\vc\include\stdio.h(254) : 参见“gets”的声明
     1>e:\programming\c\c-primer-plus\chapter 17\exercise\8\binary search tree\petclub.c(82): warning C4996: 'gets': This function or variable may be unsafe. Consider using gets_s instead. To disable deprecation, use _CRT_SECURE_NO_WARNINGS. See online help for details.
                 f:\visual studio 2013\vc\include\stdio.h(254) : 参见“gets”的声明
     1>e:\programming\c\c-primer-plus\chapter 17\exercise\8\binary search tree\petclub.c(84): warning C4047: “函数”:“char *”与“char [20][20]”的间接级别不同
     1>e:\programming\c\c-primer-plus\chapter 17\exercise\8\binary search tree\petclub.c(84): warning C4024: “uppercase”: 形参和实参 1 的类型不同
     1>e:\programming\c\c-primer-plus\chapter 17\exercise\8\binary search tree\petclub.c(118): warning C4996: 'gets': This function or variable may be unsafe. Consider using gets_s instead. To disable deprecation, use _CRT_SECURE_NO_WARNINGS. See online help for details.
                 f:\visual studio 2013\vc\include\stdio.h(254) : 参见“gets”的声明
     1>e:\programming\c\c-primer-plus\chapter 17\exercise\8\binary search tree\petclub.c(120): warning C4047: “函数”:“char *”与“char [20][20]”的间接级别不同
     1>e:\programming\c\c-primer-plus\chapter 17\exercise\8\binary search tree\petclub.c(120): warning C4024: “gets”: 形参和实参 1 的类型不同
     1>e:\programming\c\c-primer-plus\chapter 17\exercise\8\binary search tree\petclub.c(120): warning C4996: 'gets': This function or variable may be unsafe. Consider using gets_s instead. To disable deprecation, use _CRT_SECURE_NO_WARNINGS. See online help for details.
                 f:\visual studio 2013\vc\include\stdio.h(254) : 参见“gets”的声明
     1>e:\programming\c\c-primer-plus\chapter 17\exercise\8\binary search tree\petclub.c(122): warning C4047: “函数”:“char *”与“char [20][20]”的间接级别不同
     1>e:\programming\c\c-primer-plus\chapter 17\exercise\8\binary search tree\petclub.c(122): warning C4024: “uppercase”: 形参和实参 1 的类型不同
     1>e:\programming\c\c-primer-plus\chapter 17\exercise\8\binary search tree\petclub.c(124): warning C4090: “函数”: 不同的“const”限定符
     1>e:\programming\c\c-primer-plus\chapter 17\exercise\8\binary search tree\petclub.c(141): warning C4996: 'gets': This function or variable may be unsafe. Consider using gets_s instead. To disable deprecation, use _CRT_SECURE_NO_WARNINGS. See online help for details.
                 f:\visual studio 2013\vc\include\stdio.h(254) : 参见“gets”的声明
     1>e:\programming\c\c-primer-plus\chapter 17\exercise\8\binary search tree\petclub.c(143): warning C4047: “函数”:“char *”与“char [20][20]”的间接级别不同
     1>e:\programming\c\c-primer-plus\chapter 17\exercise\8\binary search tree\petclub.c(143): warning C4024: “gets”: 形参和实参 1 的类型不同
     1>e:\programming\c\c-primer-plus\chapter 17\exercise\8\binary search tree\petclub.c(143): warning C4996: 'gets': This function or variable may be unsafe. Consider using gets_s instead. To disable deprecation, use _CRT_SECURE_NO_WARNINGS. See online help for details.
                 f:\visual studio 2013\vc\include\stdio.h(254) : 参见“gets”的声明
     1>e:\programming\c\c-primer-plus\chapter 17\exercise\8\binary search tree\petclub.c(145): warning C4047: “函数”:“char *”与“char [20][20]”的间接级别不同
     1>e:\programming\c\c-primer-plus\chapter 17\exercise\8\binary search tree\petclub.c(145): warning C4024: “uppercase”: 形参和实参 1 的类型不同
       Link:
         F:\Visual Studio 2013\VC\bin\link.exe /ERRORREPORT:PROMPT /OUT:"E:\Programming\C\C-Primer-Plus\Chapter 17\Exercise\8\Debug\Binary Search Tree.exe" /INCREMENTAL /NOLOGO kernel32.lib user32.lib gdi32.lib winspool.lib comdlg32.lib advapi32.lib shell32.lib ole32.lib oleaut32.lib uuid.lib odbc32.lib odbccp32.lib /MANIFEST /MANIFESTUAC:"level='asInvoker' uiAccess='false'" /manifest:embed /DEBUG /PDB:"E:\Programming\C\C-Primer-Plus\Chapter 17\Exercise\8\Debug\Binary Search Tree.pdb" /SUBSYSTEM:CONSOLE /TLBID:1 /DYNAMICBASE /NXCOMPAT /IMPLIB:"E:\Programming\C\C-Primer-Plus\Chapter 17\Exercise\8\Debug\Binary Search Tree.lib" /MACHINE:X86 Debug\petclub.obj
         Debug\tree.obj
         Binary Search Tree.vcxproj -> E:\Programming\C\C-Primer-Plus\Chapter 17\Exercise\8\Debug\Binary Search Tree.exe
     1>已完成生成项目“E:\Programming\C\C-Primer-Plus\Chapter 17\Exercise\8\Binary Search Tree\Binary Search Tree.vcxproj”(Build 个目标)的操作。

生成成功。

已用时间 00:00:00.67
